<?xml version="1.0" encoding="UTF-8"?>
<testsuite xmlns:xsi="http://www.w3.org/2001/XMLSchema-instance" xsi:noNamespaceSchemaLocation="https://maven.apache.org/surefire/maven-surefire-plugin/xsd/surefire-test-report-3.0.xsd" version="3.0" name="com.aircond.AirCondProject.AirCondProjectApplicationTests" time="8.49" tests="1" errors="0" skipped="0" failures="0">
  <properties>
[...]
</properties>
  <testcase name="contextLoads" classname="com.aircond.AirCondProject.AirCondProjectApplicationTests" time="0.997">
    <system-out><![CDATA[08:40:45.967 [main] INFO org.springframework.test.context.support.AnnotationConfigContextLoaderUtils -- Could not detect default configuration classes for test class [com.aircond.AirCondProject.AirCondProjectApplicationTests]: AirCondProjectApplicationTests does not declare any static, non-private, non-final, nested classes annotated with @Configuration.
08:40:46.109 [main] INFO org.springframework.boot.test.context.SpringBootTestContextBootstrapper -- Found @SpringBootConfiguration com.aircond.AirCondProject.AirCondProjectApplication for test class com.aircond.AirCondProject.AirCondProjectApplicationTests

  .   ____          _            __ _ _
 /\\ / ___'_ __ _ _(_)_ __  __ _ \ \ \ \
( ( )\___ | '_ | '_| | '_ \/ _` | \ \ \ \
 \\/  ___)| |_)| | | | | || (_| |  ) ) ) )
  '  |____| .__|_| |_|_| |_\__, | / / / /
 =========|_|==============|___/=/_/_/_/
 :: Spring Boot ::                (v3.1.0)

2023-06-19T08:40:46.604+07:00  INFO 13820 --- [           main] c.a.A.AirCondProjectApplicationTests     : Starting AirCondProjectApplicationTests using Java 20.0.1 with PID 13820 (started by trnhn in C:\Users\trnhn\OneDrive\Documents\GitHub\AircondProject\v0.1\AirCondProject)
2023-06-19T08:40:46.608+07:00  INFO 13820 --- [           main] c.a.A.AirCondProjectApplicationTests     : No active profile set, falling back to 1 default profile: "default"
2023-06-19T08:40:47.436+07:00  INFO 13820 --- [           main] .s.d.r.c.RepositoryConfigurationDelegate : Bootstrapping Spring Data JPA repositories in DEFAULT mode.
2023-06-19T08:40:47.497+07:00  INFO 13820 --- [           main] .s.d.r.c.RepositoryConfigurationDelegate : Finished Spring Data repository scanning in 49 ms. Found 1 JPA repository interfaces.
2023-06-19T08:40:48.157+07:00  INFO 13820 --- [           main] com.zaxxer.hikari.HikariDataSource       : HikariPool-1 - Starting...
2023-06-19T08:40:48.588+07:00  INFO 13820 --- [           main] com.zaxxer.hikari.pool.HikariPool        : HikariPool-1 - Added connection conn0: url=jdbc:h2:mem:6a10b73c-0af4-4fc1-b5f8-ce4b2cab316e user=SA
2023-06-19T08:40:48.590+07:00  INFO 13820 --- [           main] com.zaxxer.hikari.HikariDataSource       : HikariPool-1 - Start completed.
2023-06-19T08:40:48.656+07:00  INFO 13820 --- [           main] o.hibernate.jpa.internal.util.LogHelper  : HHH000204: Processing PersistenceUnitInfo [name: default]
2023-06-19T08:40:48.739+07:00  INFO 13820 --- [           main] org.hibernate.Version                    : HHH000412: Hibernate ORM core version 6.2.2.Final
2023-06-19T08:40:48.742+07:00  INFO 13820 --- [           main] org.hibernate.cfg.Environment            : HHH000406: Using bytecode reflection optimizer
2023-06-19T08:40:48.959+07:00  INFO 13820 --- [           main] o.h.b.i.BytecodeProviderInitiator        : HHH000021: Bytecode provider name : bytebuddy
2023-06-19T08:40:49.282+07:00  INFO 13820 --- [           main] o.s.o.j.p.SpringPersistenceUnitInfo      : No LoadTimeWeaver setup: ignoring JPA class transformer
2023-06-19T08:40:49.371+07:00  INFO 13820 --- [           main] org.hibernate.orm.dialect                : HHH035001: Using dialect: org.hibernate.dialect.H2Dialect, version: 2.1.214
2023-06-19T08:40:50.343+07:00  INFO 13820 --- [           main] o.h.b.i.BytecodeProviderInitiator        : HHH000021: Bytecode provider name : bytebuddy
2023-06-19T08:40:51.349+07:00  INFO 13820 --- [           main] o.h.e.t.j.p.i.JtaPlatformInitiator       : HHH000490: Using JtaPlatform implementation: [org.hibernate.engine.transaction.jta.platform.internal.NoJtaPlatform]
2023-06-19T08:40:51.390+07:00  INFO 13820 --- [           main] o.h.t.s.i.e.GenerationTargetToDatabase   : HHH000476: Executing script '[injected ScriptSourceInputNonExistentImpl script]'
2023-06-19T08:40:51.393+07:00  INFO 13820 --- [           main] j.LocalContainerEntityManagerFactoryBean : Initialized JPA EntityManagerFactory for persistence unit 'default'
2023-06-19T08:40:52.125+07:00  WARN 13820 --- [           main] JpaBaseConfiguration$JpaWebConfiguration : spring.jpa.open-in-view is enabled by default. Therefore, database queries may be performed during view rendering. Explicitly configure spring.jpa.open-in-view to disable this warning
2023-06-19T08:40:52.660+07:00  WARN 13820 --- [           main] ion$DefaultTemplateResolverConfiguration : Cannot find template location: classpath:/templates/ (please add some templates, check your Thymeleaf configuration, or set spring.thymeleaf.check-template-location=false)
2023-06-19T08:40:53.054+07:00  INFO 13820 --- [           main] c.a.A.AirCondProjectApplicationTests     : Started AirCondProjectApplicationTests in 6.776 seconds (process running for 7.809)
2023-06-19T08:40:53.237+07:00  INFO 13820 --- [           main] c.a.AirCondProject.Database.Database     : insert : Product{id=1, productName=Air 1, price=20.0}
]]></system-out>
  </testcase>
</testsuite>