<?xml version="1.0" encoding="UTF-8"?>
<testsuite xmlns:xsi="http://www.w3.org/2001/XMLSchema-instance" xsi:noNamespaceSchemaLocation="https://maven.apache.org/surefire/maven-surefire-plugin/xsd/surefire-test-report-3.0.xsd" version="3.0" name="com.aircond.AirCondProject.AirCondProjectApplicationTests" time="8.657" tests="1" errors="0" skipped="0" failures="0">
  <properties>
[...]
</properties>
  <testcase name="contextLoads" classname="com.aircond.AirCondProject.AirCondProjectApplicationTests" time="1.071">
    <system-out><![CDATA[12:01:08.143 [main] INFO org.springframework.test.context.support.AnnotationConfigContextLoaderUtils -- Could not detect default configuration classes for test class [com.aircond.AirCondProject.AirCondProjectApplicationTests]: AirCondProjectApplicationTests does not declare any static, non-private, non-final, nested classes annotated with @Configuration.
12:01:08.315 [main] INFO org.springframework.boot.test.context.SpringBootTestContextBootstrapper -- Found @SpringBootConfiguration com.aircond.AirCondProject.AirCondProjectApplication for test class com.aircond.AirCondProject.AirCondProjectApplicationTests

  .   ____          _            __ _ _
 /\\ / ___'_ __ _ _(_)_ __  __ _ \ \ \ \
( ( )\___ | '_ | '_| | '_ \/ _` | \ \ \ \
 \\/  ___)| |_)| | | | | || (_| |  ) ) ) )
  '  |____| .__|_| |_|_| |_\__, | / / / /
 =========|_|==============|___/=/_/_/_/
 :: Spring Boot ::                (v3.1.0)

2023-07-02T12:01:09.113+10:00  INFO 6184 --- [           main] c.a.A.AirCondProjectApplicationTests     : Starting AirCondProjectApplicationTests using Java 20.0.1 with PID 6184 (started by DELL in C:\Users\DELL\Desktop\Job\AircondProject\v0.1\AirCondProject)
2023-07-02T12:01:09.114+10:00  INFO 6184 --- [           main] c.a.A.AirCondProjectApplicationTests     : No active profile set, falling back to 1 default profile: "default"
2023-07-02T12:01:10.289+10:00  INFO 6184 --- [           main] .s.d.r.c.RepositoryConfigurationDelegate : Multiple Spring Data modules found, entering strict repository configuration mode
2023-07-02T12:01:10.294+10:00  INFO 6184 --- [           main] .s.d.r.c.RepositoryConfigurationDelegate : Bootstrapping Spring Data JPA repositories in DEFAULT mode.
2023-07-02T12:01:10.387+10:00  INFO 6184 --- [           main] .RepositoryConfigurationExtensionSupport : Spring Data JPA - Could not safely identify store assignment for repository candidate interface com.aircond.AirCondProject.Repository.ProductRepository; If you want this repository to be a JPA repository, consider annotating your entities with one of these annotations: jakarta.persistence.Entity, jakarta.persistence.MappedSuperclass (preferred), or consider extending one of the following types with your repository: org.springframework.data.jpa.repository.JpaRepository
2023-07-02T12:01:10.388+10:00  INFO 6184 --- [           main] .s.d.r.c.RepositoryConfigurationDelegate : Finished Spring Data repository scanning in 77 ms. Found 0 JPA repository interfaces.
2023-07-02T12:01:10.468+10:00  INFO 6184 --- [           main] .s.d.r.c.RepositoryConfigurationDelegate : Multiple Spring Data modules found, entering strict repository configuration mode
2023-07-02T12:01:10.469+10:00  INFO 6184 --- [           main] .s.d.r.c.RepositoryConfigurationDelegate : Bootstrapping Spring Data MongoDB repositories in DEFAULT mode.
2023-07-02T12:01:10.515+10:00  INFO 6184 --- [           main] .s.d.r.c.RepositoryConfigurationDelegate : Finished Spring Data repository scanning in 46 ms. Found 1 MongoDB repository interfaces.
2023-07-02T12:01:11.374+10:00  INFO 6184 --- [           main] com.zaxxer.hikari.HikariDataSource       : HikariPool-1 - Starting...
2023-07-02T12:01:11.819+10:00  INFO 6184 --- [           main] com.zaxxer.hikari.pool.HikariPool        : HikariPool-1 - Added connection conn0: url=jdbc:h2:mem:f40da1cf-832e-4124-a771-0ba6219d67fb user=SA
2023-07-02T12:01:11.821+10:00  INFO 6184 --- [           main] com.zaxxer.hikari.HikariDataSource       : HikariPool-1 - Start completed.
2023-07-02T12:01:11.917+10:00  INFO 6184 --- [           main] o.hibernate.jpa.internal.util.LogHelper  : HHH000204: Processing PersistenceUnitInfo [name: default]
2023-07-02T12:01:12.040+10:00  INFO 6184 --- [           main] org.hibernate.Version                    : HHH000412: Hibernate ORM core version 6.2.2.Final
2023-07-02T12:01:12.051+10:00  INFO 6184 --- [           main] org.hibernate.cfg.Environment            : HHH000406: Using bytecode reflection optimizer
2023-07-02T12:01:12.348+10:00  INFO 6184 --- [           main] o.h.b.i.BytecodeProviderInitiator        : HHH000021: Bytecode provider name : bytebuddy
2023-07-02T12:01:12.550+10:00  INFO 6184 --- [           main] o.s.o.j.p.SpringPersistenceUnitInfo      : No LoadTimeWeaver setup: ignoring JPA class transformer
2023-07-02T12:01:12.639+10:00  INFO 6184 --- [           main] org.hibernate.orm.dialect                : HHH035001: Using dialect: org.hibernate.dialect.H2Dialect, version: 2.1.214
2023-07-02T12:01:12.813+10:00  INFO 6184 --- [           main] o.h.b.i.BytecodeProviderInitiator        : HHH000021: Bytecode provider name : bytebuddy
2023-07-02T12:01:13.219+10:00  INFO 6184 --- [           main] o.h.e.t.j.p.i.JtaPlatformInitiator       : HHH000490: Using JtaPlatform implementation: [org.hibernate.engine.transaction.jta.platform.internal.NoJtaPlatform]
2023-07-02T12:01:13.229+10:00  INFO 6184 --- [           main] j.LocalContainerEntityManagerFactoryBean : Initialized JPA EntityManagerFactory for persistence unit 'default'
2023-07-02T12:01:13.526+10:00  INFO 6184 --- [           main] org.mongodb.driver.client                : MongoClient with metadata {"driver": {"name": "mongo-java-driver|sync|spring-boot", "version": "4.9.1"}, "os": {"type": "Windows", "name": "Windows 10", "architecture": "amd64", "version": "10.0"}, "platform": "Java/Oracle Corporation/20.0.1+9-29"} created with settings MongoClientSettings{readPreference=primary, writeConcern=WriteConcern{w=null, wTimeout=null ms, journal=null}, retryWrites=true, retryReads=true, readConcern=ReadConcern{level=null}, credential=null, streamFactoryFactory=null, commandListeners=[], codecRegistry=ProvidersCodecRegistry{codecProviders=[ValueCodecProvider{}, BsonValueCodecProvider{}, DBRefCodecProvider{}, DBObjectCodecProvider{}, DocumentCodecProvider{}, CollectionCodecProvider{}, IterableCodecProvider{}, MapCodecProvider{}, GeoJsonCodecProvider{}, GridFSFileCodecProvider{}, Jsr310CodecProvider{}, JsonObjectCodecProvider{}, BsonCodecProvider{}, EnumCodecProvider{}, com.mongodb.client.model.mql.ExpressionCodecProvider@684b26b7, com.mongodb.Jep395RecordCodecProvider@2de7c84a]}, loggerSettings=LoggerSettings{maxDocumentLength=1000}, clusterSettings={hosts=[localhost:27017], srvServiceName=mongodb, mode=SINGLE, requiredClusterType=UNKNOWN, requiredReplicaSetName='null', serverSelector='null', clusterListeners='[]', serverSelectionTimeout='30000 ms', localThreshold='30000 ms'}, socketSettings=SocketSettings{connectTimeoutMS=10000, readTimeoutMS=0, receiveBufferSize=0, sendBufferSize=0}, heartbeatSocketSettings=SocketSettings{connectTimeoutMS=10000, readTimeoutMS=10000, receiveBufferSize=0, sendBufferSize=0}, connectionPoolSettings=ConnectionPoolSettings{maxSize=100, minSize=0, maxWaitTimeMS=120000, maxConnectionLifeTimeMS=0, maxConnectionIdleTimeMS=0, maintenanceInitialDelayMS=0, maintenanceFrequencyMS=60000, connectionPoolListeners=[], maxConnecting=2}, serverSettings=ServerSettings{heartbeatFrequencyMS=10000, minHeartbeatFrequencyMS=500, serverListeners='[]', serverMonitorListeners='[]'}, sslSettings=SslSettings{enabled=false, invalidHostNameAllowed=false, context=null}, applicationName='null', compressorList=[], uuidRepresentation=JAVA_LEGACY, serverApi=null, autoEncryptionSettings=null, contextProvider=null}
2023-07-02T12:01:13.589+10:00  INFO 6184 --- [localhost:27017] org.mongodb.driver.cluster               : Monitor thread successfully connected to server with description ServerDescription{address=localhost:27017, type=STANDALONE, state=CONNECTED, ok=true, minWireVersion=0, maxWireVersion=17, maxDocumentSize=16777216, logicalSessionTimeoutMinutes=30, roundTripTimeNanos=57991500}
2023-07-02T12:01:14.295+10:00  WARN 6184 --- [           main] JpaBaseConfiguration$JpaWebConfiguration : spring.jpa.open-in-view is enabled by default. Therefore, database queries may be performed during view rendering. Explicitly configure spring.jpa.open-in-view to disable this warning
2023-07-02T12:01:15.031+10:00  WARN 6184 --- [           main] .s.s.UserDetailsServiceAutoConfiguration : 

Using generated security password: 484dd46e-452d-4e95-9320-855182d60b98

This generated password is for development use only. Your security configuration must be updated before running your application in production.

2023-07-02T12:01:15.278+10:00  INFO 6184 --- [           main] o.s.s.web.DefaultSecurityFilterChain     : Will secure any request with [org.springframework.security.web.session.DisableEncodeUrlFilter@70a24463, org.springframework.security.web.context.request.async.WebAsyncManagerIntegrationFilter@684430c1, org.springframework.security.web.context.SecurityContextHolderFilter@7e741d6b, org.springframework.security.web.header.HeaderWriterFilter@37d3e740, org.springframework.security.web.csrf.CsrfFilter@66851aa5, org.springframework.security.web.authentication.logout.LogoutFilter@e2498a3, org.springframework.security.web.authentication.UsernamePasswordAuthenticationFilter@51f009ef, org.springframework.security.web.authentication.ui.DefaultLoginPageGeneratingFilter@53f94afe, org.springframework.security.web.authentication.ui.DefaultLogoutPageGeneratingFilter@46eb2260, org.springframework.security.web.authentication.www.BasicAuthenticationFilter@64df8422, org.springframework.security.web.savedrequest.RequestCacheAwareFilter@51097500, org.springframework.security.web.servletapi.SecurityContextHolderAwareRequestFilter@23e573e, org.springframework.security.web.authentication.AnonymousAuthenticationFilter@556944cd, org.springframework.security.web.access.ExceptionTranslationFilter@6d7772d3, org.springframework.security.web.access.intercept.AuthorizationFilter@aade5a2]
2023-07-02T12:01:15.367+10:00  INFO 6184 --- [           main] c.a.A.AirCondProjectApplicationTests     : Started AirCondProjectApplicationTests in 6.796 seconds (process running for 8.367)
]]></system-out>
  </testcase>
</testsuite>